Your conda installation is not configured to use strict channel priorities. This is however crucial for having robust and correct environments (for details, see https://conda-forge.org/docs/user/tipsandtricks.html). Please consider to configure strict priorities by executing 'conda config --set channel_priority strict'.
Preprocess: Setting up...
Preprocess: Generating XML tree...
Preprocess: Setting up the workflow...
Your conda installation is not configured to use strict channel priorities. This is however crucial for having robust and correct environments (for details, see https://conda-forge.org/docs/user/tipsandtricks.html). Please consider to configure strict priorities by executing 'conda config --set channel_priority strict'.
Creating conda environment environment.yml...
Downloading and installing remote packages.
Channels:
 - conda-forge
 - defaults
Platform: osx-arm64
Collecting package metadata (repodata.json): ...working... done
Solving environment: ...working... done
Preparing transaction: ...working... done
Verifying transaction: ...working... done
Executing transaction: ...working... done

Environment for /Users/giovanni/Papers/disc-photoevaporation-disk-radii/environment.yml created (location: .snakemake/conda/0e37d6ce77ff237ff2871454a4f1678f_)
Building the workflow graph...
Inferring figure dependencies recursively...
Inferring figure dependencies recursively...
Generating figure output: src/tex/figures/Fig4.png...
Generating figure output: src/tex/figures/Fig5.png...
Generating figure output: src/tex/figures/Fig3.png...
Generating figure output: src/tex/figures/Fig1.png...
Generating figure output: src/tex/figures/Fig2.png...
Generating the article stylesheet metadata...
Compiling the article PDF...
Copying the article PDF...
Copying the article synctex...
Done!
