Building DAG of jobs...
Using shell: /bin/bash
Provided cores: 1 (use --cores to define parallelism)
Rules claiming more threads will be scaled down.
Job stats:
job                      count    min threads    max threads
---------------------  -------  -------------  -------------
syw__main                    1              1              1
syw__preprocess              1              1              1
syw__preprocess_setup        1              1              1
syw__preprocess_xml          1              1              1
total                        4              1              1

Select jobs to execute...

[Mon Oct 13 14:02:24 2025]
Job 3: Preprocess: Setting up...
Reason: Missing output files: /Users/giovanni/Papers/disc-photoevaporation-disk-radii/.showyourwork/preprocess/listofitems.tex, /Users/giovanni/Papers/disc-photoevaporation-disk-radii/.showyourwork/preprocess/showyourwork-logo.pdf, /Users/giovanni/Papers/disc-photoevaporation-disk-radii/.showyourwork/preprocess/ms.tex, /Users/giovanni/Papers/disc-photoevaporation-disk-radii/.showyourwork/preprocess/xstring.sty, /Users/giovanni/Papers/disc-photoevaporation-disk-radii/.showyourwork/preprocess/lineno.sty, /Users/giovanni/Papers/disc-photoevaporation-disk-radii/.showyourwork/preprocess/showyourwork.otf, /Users/giovanni/Papers/disc-photoevaporation-disk-radii/.showyourwork/preprocess/xstring.tex, /Users/giovanni/Papers/disc-photoevaporation-disk-radii/.showyourwork/preprocess/showyourwork-stamp.pdf, /Users/giovanni/Papers/disc-photoevaporation-disk-radii/.showyourwork/preprocess/showyourwork.tex

[Mon Oct 13 14:02:25 2025]
Finished job 3.
1 of 4 steps (25%) done
Select jobs to execute...

[Mon Oct 13 14:02:25 2025]
Job 2: Preprocess: Generating XML tree...
Reason: Missing output files: /Users/giovanni/Papers/disc-photoevaporation-disk-radii/.showyourwork/preprocess/showyourwork.xml; Input files updated by another job: /Users/giovanni/Papers/disc-photoevaporation-disk-radii/.showyourwork/preprocess/listofitems.tex, /Users/giovanni/Papers/disc-photoevaporation-disk-radii/.showyourwork/preprocess/showyourwork-logo.pdf, /Users/giovanni/Papers/disc-photoevaporation-disk-radii/.showyourwork/preprocess/ms.tex, /Users/giovanni/Papers/disc-photoevaporation-disk-radii/.showyourwork/preprocess/xstring.sty, /Users/giovanni/Papers/disc-photoevaporation-disk-radii/.showyourwork/preprocess/lineno.sty, /Users/giovanni/Papers/disc-photoevaporation-disk-radii/.showyourwork/preprocess/showyourwork.otf, /Users/giovanni/Papers/disc-photoevaporation-disk-radii/.showyourwork/preprocess/xstring.tex, /Users/giovanni/Papers/disc-photoevaporation-disk-radii/.showyourwork/preprocess/showyourwork-stamp.pdf, /Users/giovanni/Papers/disc-photoevaporation-disk-radii/.showyourwork/preprocess, /Users/giovanni/Papers/disc-photoevaporation-disk-radii/.showyourwork/preprocess/showyourwork.tex

Activating conda environment: .snakemake/conda/6f58972e3168fc1937d8c193aac334e2_
[Mon Oct 13 14:02:27 2025]
Error in rule syw__preprocess_xml:
    jobid: 2
    output: /Users/giovanni/Papers/disc-photoevaporation-disk-radii/.showyourwork/preprocess/showyourwork.xml
    conda-env: /Users/giovanni/Papers/disc-photoevaporation-disk-radii/.snakemake/conda/6f58972e3168fc1937d8c193aac334e2_
    shell:
        
        cd "/Users/giovanni/Papers/disc-photoevaporation-disk-radii/.showyourwork/preprocess"
        tectonic                      \
            --chatter minimal         \
            --keep-logs               \
            --keep-intermediates      \
            -r 0                      \
                    \
            "/Users/giovanni/Papers/disc-photoevaporation-disk-radii/.showyourwork/preprocess/ms.tex"
        
        (one of the commands exited with non-zero exit code; note that snakemake uses bash strict mode!)

Shutting down, this might take some time.
Exiting because a job execution failed. Look above for error message
Complete log: .snakemake/log/2025-10-13T140205.593832.snakemake.log
