Building DAG of jobs...
Using shell: /bin/bash
Provided cores: 1 (use --cores to define parallelism)
Rules claiming more threads will be scaled down.
Job stats:
job                      count    min threads    max threads
---------------------  -------  -------------  -------------
syw__main                    1              1              1
syw__preprocess              1              1              1
syw__preprocess_setup        1              1              1
syw__preprocess_xml          1              1              1
total                        4              1              1

Select jobs to execute...

[Tue Oct 14 14:35:22 2025]
Job 3: Preprocess: Setting up...
Reason: Updated input files: showyourwork.yml, src/tex/ms.tex

[Tue Oct 14 14:35:23 2025]
Finished job 3.
1 of 4 steps (25%) done
Select jobs to execute...

[Tue Oct 14 14:35:23 2025]
Job 2: Preprocess: Generating XML tree...
Reason: Missing output files: /Users/giovanni/Papers/disc-photoevaporation-disk-radii/.showyourwork/preprocess/showyourwork.xml; Input files updated by another job: /Users/giovanni/Papers/disc-photoevaporation-disk-radii/.showyourwork/preprocess/xstring.sty, /Users/giovanni/Papers/disc-photoevaporation-disk-radii/.showyourwork/preprocess/showyourwork.tex, /Users/giovanni/Papers/disc-photoevaporation-disk-radii/.showyourwork/preprocess/listofitems.tex, /Users/giovanni/Papers/disc-photoevaporation-disk-radii/.showyourwork/preprocess, /Users/giovanni/Papers/disc-photoevaporation-disk-radii/.showyourwork/preprocess/lineno.sty, /Users/giovanni/Papers/disc-photoevaporation-disk-radii/.showyourwork/preprocess/showyourwork-stamp.pdf, /Users/giovanni/Papers/disc-photoevaporation-disk-radii/.showyourwork/preprocess/showyourwork-logo.pdf, /Users/giovanni/Papers/disc-photoevaporation-disk-radii/.showyourwork/preprocess/showyourwork.otf, /Users/giovanni/Papers/disc-photoevaporation-disk-radii/.showyourwork/preprocess/xstring.tex, /Users/giovanni/Papers/disc-photoevaporation-disk-radii/.showyourwork/preprocess/ms.tex

Activating conda environment: .snakemake/conda/6f58972e3168fc1937d8c193aac334e2_
[Tue Oct 14 14:35:24 2025]
Finished job 2.
2 of 4 steps (50%) done
Select jobs to execute...

[Tue Oct 14 14:35:24 2025]
Job 1: Preprocess: Setting up the workflow...
Reason: Missing output files: .showyourwork/config.json; Input files updated by another job: /Users/giovanni/Papers/disc-photoevaporation-disk-radii/.showyourwork/preprocess/showyourwork.xml

[Tue Oct 14 14:35:24 2025]
Finished job 1.
3 of 4 steps (75%) done
Select jobs to execute...

[Tue Oct 14 14:35:24 2025]
localrule syw__main:
    input: .showyourwork/config.json
    jobid: 0
    reason: Input files updated by another job: .showyourwork/config.json
    resources: tmpdir=/var/folders/zc/y003zj4j3r9234xrflkf78040000gn/T

[Tue Oct 14 14:35:24 2025]
Finished job 0.
4 of 4 steps (100%) done
Complete log: .snakemake/log/2025-10-14T143520.199341.snakemake.log
